2023-11-16 11:17:53,246 [INFO] started up rtc_logger
2023-11-16 11:17:53,247 [INFO] Starting Process to Sync RTC and Pi Time with GPS
2023-11-16 11:17:53,249 [INFO] Listening for UBX Messages from GPS
2023-11-16 11:17:53,250 [INFO] Trying to get GPS time
2023-11-16 11:17:54,104 [INFO] GPS error: name 'rtc' is not defined
2023-11-16 11:17:54,104 [INFO] Trying to get GPS time
2023-11-16 11:17:55,058 [INFO] GPS error: name 'rtc' is not defined
2023-11-16 11:17:55,058 [INFO] Trying to get GPS time
2023-11-16 11:17:56,061 [INFO] GPS error: name 'rtc' is not defined
2023-11-16 11:17:56,061 [INFO] Trying to get GPS time
2023-11-16 11:17:57,064 [INFO] GPS error: name 'rtc' is not defined
2023-11-16 11:17:57,065 [INFO] Trying to get GPS time
2023-11-16 11:17:58,068 [INFO] GPS error: name 'rtc' is not defined
2023-11-16 11:17:58,070 [INFO] Trying to get GPS time
2023-11-16 11:17:59,074 [INFO] GPS error: name 'rtc' is not defined
2023-11-16 11:17:59,074 [INFO] Trying to get GPS time
2023-11-16 11:18:00,077 [INFO] GPS error: name 'rtc' is not defined
2023-11-16 11:18:00,077 [INFO] Trying to get GPS time
2023-11-16 11:18:01,080 [INFO] GPS error: name 'rtc' is not defined
2023-11-16 11:18:01,081 [INFO] Trying to get GPS time
2023-11-16 11:18:02,083 [INFO] GPS error: name 'rtc' is not defined
2023-11-16 11:18:02,084 [INFO] Trying to get GPS time
2023-11-16 11:18:03,089 [INFO] GPS error: name 'rtc' is not defined
2023-11-16 11:18:03,089 [INFO] Trying to get GPS time
2023-11-16 11:18:04,092 [INFO] GPS error: name 'rtc' is not defined
2023-11-16 11:18:04,093 [INFO] Trying to get GPS time
2023-11-16 11:18:05,096 [INFO] GPS error: name 'rtc' is not defined
2023-11-16 11:18:05,096 [INFO] Trying to get GPS time
2023-11-16 11:18:06,102 [INFO] GPS error: name 'rtc' is not defined
2023-11-16 11:18:06,103 [INFO] Trying to get GPS time
2023-11-16 11:18:07,057 [INFO] GPS error: name 'rtc' is not defined
2023-11-16 11:18:07,057 [INFO] Trying to get GPS time
2023-11-16 11:18:08,061 [INFO] GPS error: name 'rtc' is not defined
2023-11-16 11:18:08,061 [INFO] Trying to get GPS time
2023-11-16 11:18:09,065 [INFO] GPS error: name 'rtc' is not defined
2023-11-16 11:18:09,066 [INFO] Trying to get GPS time
2023-11-16 11:18:10,069 [INFO] GPS error: name 'rtc' is not defined
2023-11-16 11:18:10,070 [INFO] Trying to get GPS time
2023-11-16 11:18:11,073 [INFO] GPS error: name 'rtc' is not defined
2023-11-16 11:18:11,074 [INFO] Trying to get GPS time
2023-11-16 11:18:12,077 [INFO] GPS error: name 'rtc' is not defined
2023-11-16 11:18:12,077 [INFO] Trying to get GPS time
2023-11-16 11:18:13,080 [INFO] GPS error: name 'rtc' is not defined
2023-11-16 11:18:13,080 [INFO] Trying to get GPS time
2023-11-16 11:18:14,084 [INFO] GPS error: name 'rtc' is not defined
2023-11-16 11:18:14,085 [INFO] Trying to get GPS time
2023-11-16 11:18:15,089 [INFO] GPS error: name 'rtc' is not defined
2023-11-16 11:18:15,090 [INFO] Trying to get GPS time
2023-11-16 11:18:16,093 [INFO] GPS error: name 'rtc' is not defined
2023-11-16 11:18:16,094 [INFO] Trying to get GPS time
2023-11-16 11:18:17,097 [INFO] GPS error: name 'rtc' is not defined
2023-11-16 11:18:17,098 [INFO] Trying to get GPS time
2023-11-16 11:18:18,100 [INFO] GPS error: name 'rtc' is not defined
2023-11-16 11:18:18,101 [INFO] Trying to get GPS time
2023-11-16 11:18:19,104 [INFO] GPS error: name 'rtc' is not defined
2023-11-16 11:18:19,104 [INFO] Trying to get GPS time
2023-11-16 11:18:20,057 [INFO] GPS error: name 'rtc' is not defined
2023-11-16 11:18:20,058 [INFO] Trying to get GPS time
2023-11-16 11:18:21,062 [INFO] GPS error: name 'rtc' is not defined
2023-11-16 11:18:21,062 [INFO] Trying to get GPS time
2023-11-16 11:18:22,066 [INFO] GPS error: name 'rtc' is not defined
2023-11-16 11:18:22,067 [INFO] Trying to get GPS time
2023-11-16 11:18:23,070 [INFO] GPS error: name 'rtc' is not defined
2023-11-16 11:18:23,070 [INFO] Trying to get GPS time
2023-11-16 11:18:24,074 [INFO] GPS error: name 'rtc' is not defined
2023-11-16 11:18:24,074 [INFO] Trying to get GPS time
2023-11-16 11:18:25,077 [INFO] GPS error: name 'rtc' is not defined
2023-11-16 11:18:25,077 [INFO] Trying to get GPS time
2023-11-16 11:18:26,081 [INFO] GPS error: name 'rtc' is not defined
2023-11-16 11:18:26,083 [INFO] Trying to get GPS time
2023-11-16 11:18:27,086 [INFO] GPS error: name 'rtc' is not defined
2023-11-16 11:18:27,087 [INFO] Trying to get GPS time
2023-11-16 11:18:28,090 [INFO] GPS error: name 'rtc' is not defined
2023-11-16 11:18:28,090 [INFO] Trying to get GPS time
2023-11-16 11:18:29,093 [INFO] GPS error: name 'rtc' is not defined
2023-11-16 11:18:29,094 [INFO] Trying to get GPS time
2023-11-16 11:18:30,098 [INFO] GPS error: name 'rtc' is not defined
2023-11-16 11:18:30,099 [INFO] Trying to get GPS time
2023-11-16 11:18:31,102 [INFO] GPS error: name 'rtc' is not defined
2023-11-16 11:18:31,103 [INFO] Trying to get GPS time
2023-11-16 11:18:32,108 [INFO] GPS error: name 'rtc' is not defined
2023-11-16 11:18:32,108 [INFO] Trying to get GPS time
2023-11-16 11:18:33,061 [INFO] GPS error: name 'rtc' is not defined
2023-11-16 11:18:33,061 [INFO] Trying to get GPS time
2023-11-16 11:18:34,064 [INFO] GPS error: name 'rtc' is not defined
2023-11-16 11:18:34,065 [INFO] Trying to get GPS time
2023-11-16 11:18:35,068 [INFO] GPS error: name 'rtc' is not defined
2023-11-16 11:18:35,070 [INFO] Trying to get GPS time
2023-11-16 11:18:36,074 [INFO] GPS error: name 'rtc' is not defined
2023-11-16 11:18:36,074 [INFO] Trying to get GPS time
2023-11-16 11:18:37,077 [INFO] GPS error: name 'rtc' is not defined
2023-11-16 11:18:37,078 [INFO] Trying to get GPS time
2023-11-16 11:18:38,081 [INFO] GPS error: name 'rtc' is not defined
2023-11-16 11:18:38,082 [INFO] Trying to get GPS time
2023-11-16 11:18:39,085 [INFO] GPS error: name 'rtc' is not defined
2023-11-16 11:18:39,086 [INFO] Trying to get GPS time
2023-11-16 11:18:40,094 [INFO] GPS error: name 'rtc' is not defined
2023-11-16 11:18:40,095 [INFO] Trying to get GPS time
2023-11-16 11:18:41,099 [INFO] GPS error: name 'rtc' is not defined
2023-11-16 11:18:41,099 [INFO] Trying to get GPS time
2023-11-16 11:18:42,103 [INFO] GPS error: name 'rtc' is not defined
2023-11-16 11:18:42,103 [INFO] Trying to get GPS time
2023-11-16 11:18:43,056 [INFO] GPS error: name 'rtc' is not defined
2023-11-16 11:18:43,056 [INFO] Trying to get GPS time
2023-11-16 11:18:44,059 [INFO] GPS error: name 'rtc' is not defined
2023-11-16 11:18:44,060 [INFO] Trying to get GPS time
2023-11-16 11:18:45,063 [INFO] GPS error: name 'rtc' is not defined
2023-11-16 11:18:45,063 [INFO] Trying to get GPS time
