The system is: Linux - 5.10.103-v7l+ - armv7l
Compiling the C compiler identification source file "CMakeCCompilerId.c" succeeded.
Compiler: /usr/bin/cc 
Build flags: 
Id flags:  

The output was:
0


Compilation of the C compiler identification source "CMakeCCompilerId.c" produced "a.out"

The C compiler identification is GNU, found in "/home/pi/code/team-papa/comms/libiio/CMakeFiles/3.16.3/CompilerIdC/a.out"

Determining if the C compiler works passed with the following output:
Change Dir: /home/pi/code/team-papa/comms/libiio/CMakeFiles/CMakeTmp

Run Build Command(s):/usr/bin/make cmTC_8dc69/fast && /usr/bin/make -f CMakeFiles/cmTC_8dc69.dir/build.make CMakeFiles/cmTC_8dc69.dir/build
make[1]: Entering directory '/home/pi/code/team-papa/comms/libiio/CMakeFiles/CMakeTmp'
Building C object CMakeFiles/cmTC_8dc69.dir/testCCompiler.c.o
/usr/bin/cc    -o CMakeFiles/cmTC_8dc69.dir/testCCompiler.c.o   -c /home/pi/code/team-papa/comms/libiio/CMakeFiles/CMakeTmp/testCCompiler.c
Linking C executable cmTC_8dc69
/usr/bin/cmake -E cmake_link_script CMakeFiles/cmTC_8dc69.dir/link.txt --verbose=1
/usr/bin/cc      CMakeFiles/cmTC_8dc69.dir/testCCompiler.c.o  -o cmTC_8dc69 
make[1]: Leaving directory '/home/pi/code/team-papa/comms/libiio/CMakeFiles/CMakeTmp'



Detecting C compiler ABI info compiled with the following output:
Change Dir: /home/pi/code/team-papa/comms/libiio/CMakeFiles/CMakeTmp

Run Build Command(s):/usr/bin/make cmTC_eab29/fast && /usr/bin/make -f CMakeFiles/cmTC_eab29.dir/build.make CMakeFiles/cmTC_eab29.dir/build
make[1]: Entering directory '/home/pi/code/team-papa/comms/libiio/CMakeFiles/CMakeTmp'
Building C object CMakeFiles/cmTC_eab29.dir/CMakeCCompilerABI.c.o
/usr/bin/cc   -v -o CMakeFiles/cmTC_eab29.dir/CMakeCCompilerABI.c.o   -c /usr/share/cmake-3.16/Modules/CMakeCCompilerABI.c
Using built-in specs.
COLLECT_GCC=/usr/bin/cc
Target: arm-linux-gnueabihf
Configured with: ../src/configure -v --with-pkgversion='Raspbian 8.3.0-6+rpi1' --with-bugurl=file:///usr/share/doc/gcc-8/README.Bugs --enable-languages=c,ada,c++,go,d,fortran,objc,obj-c++ --prefix=/usr --with-gcc-major-version-only --program-suffix=-8 --program-prefix=arm-linux-gnueabihf- --enable-shared --enable-linker-build-id --libexecdir=/usr/lib --without-included-gettext --enable-threads=posix --libdir=/usr/lib --enable-nls --enable-bootstrap --enable-clocale=gnu --enable-libstdcxx-debug --enable-libstdcxx-time=yes --with-default-libstdcxx-abi=new --enable-gnu-unique-object --disable-libitm --disable-libquadmath --disable-libquadmath-support --enable-plugin --with-system-zlib --with-target-system-zlib --enable-objc-gc=auto --enable-multiarch --disable-sjlj-exceptions --with-arch=armv6 --with-fpu=vfp --with-float=hard --disable-werror --enable-checking=release --build=arm-linux-gnueabihf --host=arm-linux-gnueabihf --target=arm-linux-gnueabihf
Thread model: posix
gcc version 8.3.0 (Raspbian 8.3.0-6+rpi1) 
COLLECT_GCC_OPTIONS='-v' '-o' 'CMakeFiles/cmTC_eab29.dir/CMakeCCompilerABI.c.o' '-c'  '-mfloat-abi=hard' '-mfpu=vfp' '-mtls-dialect=gnu' '-marm' '-march=armv6+fp'
 /usr/lib/gcc/arm-linux-gnueabihf/8/cc1 -quiet -v -imultilib . -imultiarch arm-linux-gnueabihf /usr/share/cmake-3.16/Modules/CMakeCCompilerABI.c -quiet -dumpbase CMakeCCompilerABI.c -mfloat-abi=hard -mfpu=vfp -mtls-dialect=gnu -marm -march=armv6+fp -auxbase-strip CMakeFiles/cmTC_eab29.dir/CMakeCCompilerABI.c.o -version -o /tmp/ccfpCUQA.s
GNU C17 (Raspbian 8.3.0-6+rpi1) version 8.3.0 (arm-linux-gnueabihf)
	compiled by GNU C version 8.3.0, GMP version 6.1.2, MPFR version 4.0.2, MPC version 1.1.0, isl version isl-0.20-GMP

GGC heuristics: --param ggc-min-expand=100 --param ggc-min-heapsize=131072
ignoring nonexistent directory "/usr/local/include/arm-linux-gnueabihf"
ignoring nonexistent directory "/usr/lib/gcc/arm-linux-gnueabihf/8/../../../../arm-linux-gnueabihf/include"
#include "..." search starts here:
#include <...> search starts here:
 /usr/lib/gcc/arm-linux-gnueabihf/8/include
 /usr/local/include
 /usr/lib/gcc/arm-linux-gnueabihf/8/include-fixed
 /usr/include/arm-linux-gnueabihf
 /usr/include
End of search list.
GNU C17 (Raspbian 8.3.0-6+rpi1) version 8.3.0 (arm-linux-gnueabihf)
	compiled by GNU C version 8.3.0, GMP version 6.1.2, MPFR version 4.0.2, MPC version 1.1.0, isl version isl-0.20-GMP

GGC heuristics: --param ggc-min-expand=100 --param ggc-min-heapsize=131072
Compiler executable checksum: bcc8c085e8c103b65550a3bb7c44a354
COLLECT_GCC_OPTIONS='-v' '-o' 'CMakeFiles/cmTC_eab29.dir/CMakeCCompilerABI.c.o' '-c'  '-mfloat-abi=hard' '-mfpu=vfp' '-mtls-dialect=gnu' '-marm' '-march=armv6+fp'
 as -v -march=armv6 -mfloat-abi=hard -mfpu=vfp -meabi=5 -o CMakeFiles/cmTC_eab29.dir/CMakeCCompilerABI.c.o /tmp/ccfpCUQA.s
GNU assembler version 2.31.1 (arm-linux-gnueabihf) using BFD version (GNU Binutils for Raspbian) 2.31.1
COMPILER_PATH=/usr/lib/gcc/arm-linux-gnueabihf/8/:/usr/lib/gcc/arm-linux-gnueabihf/8/:/usr/lib/gcc/arm-linux-gnueabihf/:/usr/lib/gcc/arm-linux-gnueabihf/8/:/usr/lib/gcc/arm-linux-gnueabihf/
LIBRARY_PATH=/usr/lib/gcc/arm-linux-gnueabihf/8/:/usr/lib/gcc/arm-linux-gnueabihf/8/../../../arm-linux-gnueabihf/:/usr/lib/gcc/arm-linux-gnueabihf/8/../../../:/lib/arm-linux-gnueabihf/:/lib/:/usr/lib/arm-linux-gnueabihf/:/usr/lib/
COLLECT_GCC_OPTIONS='-v' '-o' 'CMakeFiles/cmTC_eab29.dir/CMakeCCompilerABI.c.o' '-c'  '-mfloat-abi=hard' '-mfpu=vfp' '-mtls-dialect=gnu' '-marm' '-march=armv6+fp'
Linking C executable cmTC_eab29
/usr/bin/cmake -E cmake_link_script CMakeFiles/cmTC_eab29.dir/link.txt --verbose=1
/usr/bin/cc     -v CMakeFiles/cmTC_eab29.dir/CMakeCCompilerABI.c.o  -o cmTC_eab29 
Using built-in specs.
COLLECT_GCC=/usr/bin/cc
COLLECT_LTO_WRAPPER=/usr/lib/gcc/arm-linux-gnueabihf/8/lto-wrapper
Target: arm-linux-gnueabihf
Configured with: ../src/configure -v --with-pkgversion='Raspbian 8.3.0-6+rpi1' --with-bugurl=file:///usr/share/doc/gcc-8/README.Bugs --enable-languages=c,ada,c++,go,d,fortran,objc,obj-c++ --prefix=/usr --with-gcc-major-version-only --program-suffix=-8 --program-prefix=arm-linux-gnueabihf- --enable-shared --enable-linker-build-id --libexecdir=/usr/lib --without-included-gettext --enable-threads=posix --libdir=/usr/lib --enable-nls --enable-bootstrap --enable-clocale=gnu --enable-libstdcxx-debug --enable-libstdcxx-time=yes --with-default-libstdcxx-abi=new --enable-gnu-unique-object --disable-libitm --disable-libquadmath --disable-libquadmath-support --enable-plugin --with-system-zlib --with-target-system-zlib --enable-objc-gc=auto --enable-multiarch --disable-sjlj-exceptions --with-arch=armv6 --with-fpu=vfp --with-float=hard --disable-werror --enable-checking=release --build=arm-linux-gnueabihf --host=arm-linux-gnueabihf --target=arm-linux-gnueabihf
Thread model: posix
gcc version 8.3.0 (Raspbian 8.3.0-6+rpi1) 
COMPILER_PATH=/usr/lib/gcc/arm-linux-gnueabihf/8/:/usr/lib/gcc/arm-linux-gnueabihf/8/:/usr/lib/gcc/arm-linux-gnueabihf/:/usr/lib/gcc/arm-linux-gnueabihf/8/:/usr/lib/gcc/arm-linux-gnueabihf/
LIBRARY_PATH=/usr/lib/gcc/arm-linux-gnueabihf/8/:/usr/lib/gcc/arm-linux-gnueabihf/8/../../../arm-linux-gnueabihf/:/usr/lib/gcc/arm-linux-gnueabihf/8/../../../:/lib/arm-linux-gnueabihf/:/lib/:/usr/lib/arm-linux-gnueabihf/:/usr/lib/
COLLECT_GCC_OPTIONS='-v' '-o' 'cmTC_eab29'  '-mfloat-abi=hard' '-mfpu=vfp' '-mtls-dialect=gnu' '-marm' '-march=armv6+fp'
 /usr/lib/gcc/arm-linux-gnueabihf/8/collect2 -plugin /usr/lib/gcc/arm-linux-gnueabihf/8/liblto_plugin.so -plugin-opt=/usr/lib/gcc/arm-linux-gnueabihf/8/lto-wrapper -plugin-opt=-fresolution=/tmp/ccZrKfmJ.res -plugin-opt=-pass-through=-lgcc -plugin-opt=-pass-through=-lgcc_s -plugin-opt=-pass-through=-lc -plugin-opt=-pass-through=-lgcc -plugin-opt=-pass-through=-lgcc_s --build-id --eh-frame-hdr -dynamic-linker /lib/ld-linux-armhf.so.3 -X --hash-style=gnu -m armelf_linux_eabi -o cmTC_eab29 /usr/lib/gcc/arm-linux-gnueabihf/8/../../../arm-linux-gnueabihf/crt1.o /usr/lib/gcc/arm-linux-gnueabihf/8/../../../arm-linux-gnueabihf/crti.o /usr/lib/gcc/arm-linux-gnueabihf/8/crtbegin.o -L/usr/lib/gcc/arm-linux-gnueabihf/8 -L/usr/lib/gcc/arm-linux-gnueabihf/8/../../../arm-linux-gnueabihf -L/usr/lib/gcc/arm-linux-gnueabihf/8/../../.. -L/lib/arm-linux-gnueabihf -L/usr/lib/arm-linux-gnueabihf CMakeFiles/cmTC_eab29.dir/CMakeCCompilerABI.c.o -lgcc --push-state --as-needed -lgcc_s --pop-state -lc -lgcc --push-state --as-needed -lgcc_s --pop-state /usr/lib/gcc/arm-linux-gnueabihf/8/crtend.o /usr/lib/gcc/arm-linux-gnueabihf/8/../../../arm-linux-gnueabihf/crtn.o
COLLECT_GCC_OPTIONS='-v' '-o' 'cmTC_eab29'  '-mfloat-abi=hard' '-mfpu=vfp' '-mtls-dialect=gnu' '-marm' '-march=armv6+fp'
make[1]: Leaving directory '/home/pi/code/team-papa/comms/libiio/CMakeFiles/CMakeTmp'



Parsed C implicit include dir info from above output: rv=done
  found start of include info
  found start of implicit include info
    add: [/usr/lib/gcc/arm-linux-gnueabihf/8/include]
    add: [/usr/local/include]
    add: [/usr/lib/gcc/arm-linux-gnueabihf/8/include-fixed]
    add: [/usr/include/arm-linux-gnueabihf]
    add: [/usr/include]
  end of search list found
  collapse include dir [/usr/lib/gcc/arm-linux-gnueabihf/8/include] ==> [/usr/lib/gcc/arm-linux-gnueabihf/8/include]
  collapse include dir [/usr/local/include] ==> [/usr/local/include]
  collapse include dir [/usr/lib/gcc/arm-linux-gnueabihf/8/include-fixed] ==> [/usr/lib/gcc/arm-linux-gnueabihf/8/include-fixed]
  collapse include dir [/usr/include/arm-linux-gnueabihf] ==> [/usr/include/arm-linux-gnueabihf]
  collapse include dir [/usr/include] ==> [/usr/include]
  implicit include dirs: [/usr/lib/gcc/arm-linux-gnueabihf/8/include;/usr/local/include;/usr/lib/gcc/arm-linux-gnueabihf/8/include-fixed;/usr/include/arm-linux-gnueabihf;/usr/include]


Parsed C implicit link information from above output:
  link line regex: [^( *|.*[/\])(ld|CMAKE_LINK_STARTFILE-NOTFOUND|([^/\]+-)?ld|collect2)[^/\]*( |$)]
  ignore line: [Change Dir: /home/pi/code/team-papa/comms/libiio/CMakeFiles/CMakeTmp]
  ignore line: []
  ignore line: [Run Build Command(s):/usr/bin/make cmTC_eab29/fast && /usr/bin/make -f CMakeFiles/cmTC_eab29.dir/build.make CMakeFiles/cmTC_eab29.dir/build]
  ignore line: [make[1]: Entering directory '/home/pi/code/team-papa/comms/libiio/CMakeFiles/CMakeTmp']
  ignore line: [Building C object CMakeFiles/cmTC_eab29.dir/CMakeCCompilerABI.c.o]
  ignore line: [/usr/bin/cc   -v -o CMakeFiles/cmTC_eab29.dir/CMakeCCompilerABI.c.o   -c /usr/share/cmake-3.16/Modules/CMakeCCompilerABI.c]
  ignore line: [Using built-in specs.]
  ignore line: [COLLECT_GCC=/usr/bin/cc]
  ignore line: [Target: arm-linux-gnueabihf]
  ignore line: [Configured with: ../src/configure -v --with-pkgversion='Raspbian 8.3.0-6+rpi1' --with-bugurl=file:///usr/share/doc/gcc-8/README.Bugs --enable-languages=c ada c++ go d fortran objc obj-c++ --prefix=/usr --with-gcc-major-version-only --program-suffix=-8 --program-prefix=arm-linux-gnueabihf- --enable-shared --enable-linker-build-id --libexecdir=/usr/lib --without-included-gettext --enable-threads=posix --libdir=/usr/lib --enable-nls --enable-bootstrap --enable-clocale=gnu --enable-libstdcxx-debug --enable-libstdcxx-time=yes --with-default-libstdcxx-abi=new --enable-gnu-unique-object --disable-libitm --disable-libquadmath --disable-libquadmath-support --enable-plugin --with-system-zlib --with-target-system-zlib --enable-objc-gc=auto --enable-multiarch --disable-sjlj-exceptions --with-arch=armv6 --with-fpu=vfp --with-float=hard --disable-werror --enable-checking=release --build=arm-linux-gnueabihf --host=arm-linux-gnueabihf --target=arm-linux-gnueabihf]
  ignore line: [Thread model: posix]
  ignore line: [gcc version 8.3.0 (Raspbian 8.3.0-6+rpi1) ]
  ignore line: [COLLECT_GCC_OPTIONS='-v' '-o' 'CMakeFiles/cmTC_eab29.dir/CMakeCCompilerABI.c.o' '-c'  '-mfloat-abi=hard' '-mfpu=vfp' '-mtls-dialect=gnu' '-marm' '-march=armv6+fp']
  ignore line: [ /usr/lib/gcc/arm-linux-gnueabihf/8/cc1 -quiet -v -imultilib . -imultiarch arm-linux-gnueabihf /usr/share/cmake-3.16/Modules/CMakeCCompilerABI.c -quiet -dumpbase CMakeCCompilerABI.c -mfloat-abi=hard -mfpu=vfp -mtls-dialect=gnu -marm -march=armv6+fp -auxbase-strip CMakeFiles/cmTC_eab29.dir/CMakeCCompilerABI.c.o -version -o /tmp/ccfpCUQA.s]
  ignore line: [GNU C17 (Raspbian 8.3.0-6+rpi1) version 8.3.0 (arm-linux-gnueabihf)]
  ignore line: [	compiled by GNU C version 8.3.0  GMP version 6.1.2  MPFR version 4.0.2  MPC version 1.1.0  isl version isl-0.20-GMP]
  ignore line: []
  ignore line: [GGC heuristics: --param ggc-min-expand=100 --param ggc-min-heapsize=131072]
  ignore line: [ignoring nonexistent directory "/usr/local/include/arm-linux-gnueabihf"]
  ignore line: [ignoring nonexistent directory "/usr/lib/gcc/arm-linux-gnueabihf/8/../../../../arm-linux-gnueabihf/include"]
  ignore line: [#include "..." search starts here:]
  ignore line: [#include <...> search starts here:]
  ignore line: [ /usr/lib/gcc/arm-linux-gnueabihf/8/include]
  ignore line: [ /usr/local/include]
  ignore line: [ /usr/lib/gcc/arm-linux-gnueabihf/8/include-fixed]
  ignore line: [ /usr/include/arm-linux-gnueabihf]
  ignore line: [ /usr/include]
  ignore line: [End of search list.]
  ignore line: [GNU C17 (Raspbian 8.3.0-6+rpi1) version 8.3.0 (arm-linux-gnueabihf)]
  ignore line: [	compiled by GNU C version 8.3.0  GMP version 6.1.2  MPFR version 4.0.2  MPC version 1.1.0  isl version isl-0.20-GMP]
  ignore line: []
  ignore line: [GGC heuristics: --param ggc-min-expand=100 --param ggc-min-heapsize=131072]
  ignore line: [Compiler executable checksum: bcc8c085e8c103b65550a3bb7c44a354]
  ignore line: [COLLECT_GCC_OPTIONS='-v' '-o' 'CMakeFiles/cmTC_eab29.dir/CMakeCCompilerABI.c.o' '-c'  '-mfloat-abi=hard' '-mfpu=vfp' '-mtls-dialect=gnu' '-marm' '-march=armv6+fp']
  ignore line: [ as -v -march=armv6 -mfloat-abi=hard -mfpu=vfp -meabi=5 -o CMakeFiles/cmTC_eab29.dir/CMakeCCompilerABI.c.o /tmp/ccfpCUQA.s]
  ignore line: [GNU assembler version 2.31.1 (arm-linux-gnueabihf) using BFD version (GNU Binutils for Raspbian) 2.31.1]
  ignore line: [COMPILER_PATH=/usr/lib/gcc/arm-linux-gnueabihf/8/:/usr/lib/gcc/arm-linux-gnueabihf/8/:/usr/lib/gcc/arm-linux-gnueabihf/:/usr/lib/gcc/arm-linux-gnueabihf/8/:/usr/lib/gcc/arm-linux-gnueabihf/]
  ignore line: [LIBRARY_PATH=/usr/lib/gcc/arm-linux-gnueabihf/8/:/usr/lib/gcc/arm-linux-gnueabihf/8/../../../arm-linux-gnueabihf/:/usr/lib/gcc/arm-linux-gnueabihf/8/../../../:/lib/arm-linux-gnueabihf/:/lib/:/usr/lib/arm-linux-gnueabihf/:/usr/lib/]
  ignore line: [COLLECT_GCC_OPTIONS='-v' '-o' 'CMakeFiles/cmTC_eab29.dir/CMakeCCompilerABI.c.o' '-c'  '-mfloat-abi=hard' '-mfpu=vfp' '-mtls-dialect=gnu' '-marm' '-march=armv6+fp']
  ignore line: [Linking C executable cmTC_eab29]
  ignore line: [/usr/bin/cmake -E cmake_link_script CMakeFiles/cmTC_eab29.dir/link.txt --verbose=1]
  ignore line: [/usr/bin/cc     -v CMakeFiles/cmTC_eab29.dir/CMakeCCompilerABI.c.o  -o cmTC_eab29 ]
  ignore line: [Using built-in specs.]
  ignore line: [COLLECT_GCC=/usr/bin/cc]
  ignore line: [COLLECT_LTO_WRAPPER=/usr/lib/gcc/arm-linux-gnueabihf/8/lto-wrapper]
  ignore line: [Target: arm-linux-gnueabihf]
  ignore line: [Configured with: ../src/configure -v --with-pkgversion='Raspbian 8.3.0-6+rpi1' --with-bugurl=file:///usr/share/doc/gcc-8/README.Bugs --enable-languages=c ada c++ go d fortran objc obj-c++ --prefix=/usr --with-gcc-major-version-only --program-suffix=-8 --program-prefix=arm-linux-gnueabihf- --enable-shared --enable-linker-build-id --libexecdir=/usr/lib --without-included-gettext --enable-threads=posix --libdir=/usr/lib --enable-nls --enable-bootstrap --enable-clocale=gnu --enable-libstdcxx-debug --enable-libstdcxx-time=yes --with-default-libstdcxx-abi=new --enable-gnu-unique-object --disable-libitm --disable-libquadmath --disable-libquadmath-support --enable-plugin --with-system-zlib --with-target-system-zlib --enable-objc-gc=auto --enable-multiarch --disable-sjlj-exceptions --with-arch=armv6 --with-fpu=vfp --with-float=hard --disable-werror --enable-checking=release --build=arm-linux-gnueabihf --host=arm-linux-gnueabihf --target=arm-linux-gnueabihf]
  ignore line: [Thread model: posix]
  ignore line: [gcc version 8.3.0 (Raspbian 8.3.0-6+rpi1) ]
  ignore line: [COMPILER_PATH=/usr/lib/gcc/arm-linux-gnueabihf/8/:/usr/lib/gcc/arm-linux-gnueabihf/8/:/usr/lib/gcc/arm-linux-gnueabihf/:/usr/lib/gcc/arm-linux-gnueabihf/8/:/usr/lib/gcc/arm-linux-gnueabihf/]
  ignore line: [LIBRARY_PATH=/usr/lib/gcc/arm-linux-gnueabihf/8/:/usr/lib/gcc/arm-linux-gnueabihf/8/../../../arm-linux-gnueabihf/:/usr/lib/gcc/arm-linux-gnueabihf/8/../../../:/lib/arm-linux-gnueabihf/:/lib/:/usr/lib/arm-linux-gnueabihf/:/usr/lib/]
  ignore line: [COLLECT_GCC_OPTIONS='-v' '-o' 'cmTC_eab29'  '-mfloat-abi=hard' '-mfpu=vfp' '-mtls-dialect=gnu' '-marm' '-march=armv6+fp']
  link line: [ /usr/lib/gcc/arm-linux-gnueabihf/8/collect2 -plugin /usr/lib/gcc/arm-linux-gnueabihf/8/liblto_plugin.so -plugin-opt=/usr/lib/gcc/arm-linux-gnueabihf/8/lto-wrapper -plugin-opt=-fresolution=/tmp/ccZrKfmJ.res -plugin-opt=-pass-through=-lgcc -plugin-opt=-pass-through=-lgcc_s -plugin-opt=-pass-through=-lc -plugin-opt=-pass-through=-lgcc -plugin-opt=-pass-through=-lgcc_s --build-id --eh-frame-hdr -dynamic-linker /lib/ld-linux-armhf.so.3 -X --hash-style=gnu -m armelf_linux_eabi -o cmTC_eab29 /usr/lib/gcc/arm-linux-gnueabihf/8/../../../arm-linux-gnueabihf/crt1.o /usr/lib/gcc/arm-linux-gnueabihf/8/../../../arm-linux-gnueabihf/crti.o /usr/lib/gcc/arm-linux-gnueabihf/8/crtbegin.o -L/usr/lib/gcc/arm-linux-gnueabihf/8 -L/usr/lib/gcc/arm-linux-gnueabihf/8/../../../arm-linux-gnueabihf -L/usr/lib/gcc/arm-linux-gnueabihf/8/../../.. -L/lib/arm-linux-gnueabihf -L/usr/lib/arm-linux-gnueabihf CMakeFiles/cmTC_eab29.dir/CMakeCCompilerABI.c.o -lgcc --push-state --as-needed -lgcc_s --pop-state -lc -lgcc --push-state --as-needed -lgcc_s --pop-state /usr/lib/gcc/arm-linux-gnueabihf/8/crtend.o /usr/lib/gcc/arm-linux-gnueabihf/8/../../../arm-linux-gnueabihf/crtn.o]
    arg [/usr/lib/gcc/arm-linux-gnueabihf/8/collect2] ==> ignore
    arg [-plugin] ==> ignore
    arg [/usr/lib/gcc/arm-linux-gnueabihf/8/liblto_plugin.so] ==> ignore
    arg [-plugin-opt=/usr/lib/gcc/arm-linux-gnueabihf/8/lto-wrapper] ==> ignore
    arg [-plugin-opt=-fresolution=/tmp/ccZrKfmJ.res] ==> ignore
    arg [-plugin-opt=-pass-through=-lgcc] ==> ignore
    arg [-plugin-opt=-pass-through=-lgcc_s] ==> ignore
    arg [-plugin-opt=-pass-through=-lc] ==> ignore
    arg [-plugin-opt=-pass-through=-lgcc] ==> ignore
    arg [-plugin-opt=-pass-through=-lgcc_s] ==> ignore
    arg [--build-id] ==> ignore
    arg [--eh-frame-hdr] ==> ignore
    arg [-dynamic-linker] ==> ignore
    arg [/lib/ld-linux-armhf.so.3] ==> ignore
    arg [-X] ==> ignore
    arg [--hash-style=gnu] ==> ignore
    arg [-m] ==> ignore
    arg [armelf_linux_eabi] ==> ignore
    arg [-o] ==> ignore
    arg [cmTC_eab29] ==> ignore
    arg [/usr/lib/gcc/arm-linux-gnueabihf/8/../../../arm-linux-gnueabihf/crt1.o] ==> ignore
    arg [/usr/lib/gcc/arm-linux-gnueabihf/8/../../../arm-linux-gnueabihf/crti.o] ==> ignore
    arg [/usr/lib/gcc/arm-linux-gnueabihf/8/crtbegin.o] ==> ignore
    arg [-L/usr/lib/gcc/arm-linux-gnueabihf/8] ==> dir [/usr/lib/gcc/arm-linux-gnueabihf/8]
    arg [-L/usr/lib/gcc/arm-linux-gnueabihf/8/../../../arm-linux-gnueabihf] ==> dir [/usr/lib/gcc/arm-linux-gnueabihf/8/../../../arm-linux-gnueabihf]
    arg [-L/usr/lib/gcc/arm-linux-gnueabihf/8/../../..] ==> dir [/usr/lib/gcc/arm-linux-gnueabihf/8/../../..]
    arg [-L/lib/arm-linux-gnueabihf] ==> dir [/lib/arm-linux-gnueabihf]
    arg [-L/usr/lib/arm-linux-gnueabihf] ==> dir [/usr/lib/arm-linux-gnueabihf]
    arg [CMakeFiles/cmTC_eab29.dir/CMakeCCompilerABI.c.o] ==> ignore
    arg [-lgcc] ==> lib [gcc]
    arg [--push-state] ==> ignore
    arg [--as-needed] ==> ignore
    arg [-lgcc_s] ==> lib [gcc_s]
    arg [--pop-state] ==> ignore
    arg [-lc] ==> lib [c]
    arg [-lgcc] ==> lib [gcc]
    arg [--push-state] ==> ignore
    arg [--as-needed] ==> ignore
    arg [-lgcc_s] ==> lib [gcc_s]
    arg [--pop-state] ==> ignore
    arg [/usr/lib/gcc/arm-linux-gnueabihf/8/crtend.o] ==> ignore
    arg [/usr/lib/gcc/arm-linux-gnueabihf/8/../../../arm-linux-gnueabihf/crtn.o] ==> ignore
  collapse library dir [/usr/lib/gcc/arm-linux-gnueabihf/8] ==> [/usr/lib/gcc/arm-linux-gnueabihf/8]
  collapse library dir [/usr/lib/gcc/arm-linux-gnueabihf/8/../../../arm-linux-gnueabihf] ==> [/usr/lib/arm-linux-gnueabihf]
  collapse library dir [/usr/lib/gcc/arm-linux-gnueabihf/8/../../..] ==> [/usr/lib]
  collapse library dir [/lib/arm-linux-gnueabihf] ==> [/lib/arm-linux-gnueabihf]
  collapse library dir [/usr/lib/arm-linux-gnueabihf] ==> [/usr/lib/arm-linux-gnueabihf]
  implicit libs: [gcc;gcc_s;c;gcc;gcc_s]
  implicit dirs: [/usr/lib/gcc/arm-linux-gnueabihf/8;/usr/lib/arm-linux-gnueabihf;/usr/lib;/lib/arm-linux-gnueabihf]
  implicit fwks: []


Performing C SOURCE FILE Test HAS_WPEDANTIC succeeded with the following output:
Change Dir: /home/pi/code/team-papa/comms/libiio/CMakeFiles/CMakeTmp

Run Build Command(s):/usr/bin/make cmTC_6de84/fast && /usr/bin/make -f CMakeFiles/cmTC_6de84.dir/build.make CMakeFiles/cmTC_6de84.dir/build
make[1]: Entering directory '/home/pi/code/team-papa/comms/libiio/CMakeFiles/CMakeTmp'
Building C object CMakeFiles/cmTC_6de84.dir/src.c.o
/usr/bin/cc   -DHAS_WPEDANTIC   -Wpedantic -o CMakeFiles/cmTC_6de84.dir/src.c.o   -c /home/pi/code/team-papa/comms/libiio/CMakeFiles/CMakeTmp/src.c
Linking C executable cmTC_6de84
/usr/bin/cmake -E cmake_link_script CMakeFiles/cmTC_6de84.dir/link.txt --verbose=1
/usr/bin/cc  -DHAS_WPEDANTIC    CMakeFiles/cmTC_6de84.dir/src.c.o  -o cmTC_6de84 
make[1]: Leaving directory '/home/pi/code/team-papa/comms/libiio/CMakeFiles/CMakeTmp'


Source file was:
int main(void) { return 0; }
Performing C SOURCE FILE Test HAS_WSHADOW succeeded with the following output:
Change Dir: /home/pi/code/team-papa/comms/libiio/CMakeFiles/CMakeTmp

Run Build Command(s):/usr/bin/make cmTC_5d909/fast && /usr/bin/make -f CMakeFiles/cmTC_5d909.dir/build.make CMakeFiles/cmTC_5d909.dir/build
make[1]: Entering directory '/home/pi/code/team-papa/comms/libiio/CMakeFiles/CMakeTmp'
Building C object CMakeFiles/cmTC_5d909.dir/src.c.o
/usr/bin/cc   -DHAS_WSHADOW   -Wshadow -o CMakeFiles/cmTC_5d909.dir/src.c.o   -c /home/pi/code/team-papa/comms/libiio/CMakeFiles/CMakeTmp/src.c
Linking C executable cmTC_5d909
/usr/bin/cmake -E cmake_link_script CMakeFiles/cmTC_5d909.dir/link.txt --verbose=1
/usr/bin/cc  -DHAS_WSHADOW    CMakeFiles/cmTC_5d909.dir/src.c.o  -o cmTC_5d909 
make[1]: Leaving directory '/home/pi/code/team-papa/comms/libiio/CMakeFiles/CMakeTmp'


Source file was:
int main(void) { return 0; }
Determining if the strdup exist passed with the following output:
Change Dir: /home/pi/code/team-papa/comms/libiio/CMakeFiles/CMakeTmp

Run Build Command(s):/usr/bin/make cmTC_d646b/fast && /usr/bin/make -f CMakeFiles/cmTC_d646b.dir/build.make CMakeFiles/cmTC_d646b.dir/build
make[1]: Entering directory '/home/pi/code/team-papa/comms/libiio/CMakeFiles/CMakeTmp'
Building C object CMakeFiles/cmTC_d646b.dir/CheckSymbolExists.c.o
/usr/bin/cc    -o CMakeFiles/cmTC_d646b.dir/CheckSymbolExists.c.o   -c /home/pi/code/team-papa/comms/libiio/CMakeFiles/CMakeTmp/CheckSymbolExists.c
Linking C executable cmTC_d646b
/usr/bin/cmake -E cmake_link_script CMakeFiles/cmTC_d646b.dir/link.txt --verbose=1
/usr/bin/cc      CMakeFiles/cmTC_d646b.dir/CheckSymbolExists.c.o  -o cmTC_d646b 
make[1]: Leaving directory '/home/pi/code/team-papa/comms/libiio/CMakeFiles/CMakeTmp'


File /home/pi/code/team-papa/comms/libiio/CMakeFiles/CMakeTmp/CheckSymbolExists.c:
/* */
#include <string.h>

int main(int argc, char** argv)
{
  (void)argv;
#ifndef strdup
  return ((int*)(&strdup))[argc];
#else
  (void)argc;
  return 0;
#endif
}
Determining if the strndup exist passed with the following output:
Change Dir: /home/pi/code/team-papa/comms/libiio/CMakeFiles/CMakeTmp

Run Build Command(s):/usr/bin/make cmTC_56e90/fast && /usr/bin/make -f CMakeFiles/cmTC_56e90.dir/build.make CMakeFiles/cmTC_56e90.dir/build
make[1]: Entering directory '/home/pi/code/team-papa/comms/libiio/CMakeFiles/CMakeTmp'
Building C object CMakeFiles/cmTC_56e90.dir/CheckSymbolExists.c.o
/usr/bin/cc    -o CMakeFiles/cmTC_56e90.dir/CheckSymbolExists.c.o   -c /home/pi/code/team-papa/comms/libiio/CMakeFiles/CMakeTmp/CheckSymbolExists.c
Linking C executable cmTC_56e90
/usr/bin/cmake -E cmake_link_script CMakeFiles/cmTC_56e90.dir/link.txt --verbose=1
/usr/bin/cc      CMakeFiles/cmTC_56e90.dir/CheckSymbolExists.c.o  -o cmTC_56e90 
make[1]: Leaving directory '/home/pi/code/team-papa/comms/libiio/CMakeFiles/CMakeTmp'


File /home/pi/code/team-papa/comms/libiio/CMakeFiles/CMakeTmp/CheckSymbolExists.c:
/* */
#include <string.h>

int main(int argc, char** argv)
{
  (void)argv;
#ifndef strndup
  return ((int*)(&strndup))[argc];
#else
  (void)argc;
  return 0;
#endif
}
Determining if the strerror_r exist passed with the following output:
Change Dir: /home/pi/code/team-papa/comms/libiio/CMakeFiles/CMakeTmp

Run Build Command(s):/usr/bin/make cmTC_0e5d5/fast && /usr/bin/make -f CMakeFiles/cmTC_0e5d5.dir/build.make CMakeFiles/cmTC_0e5d5.dir/build
make[1]: Entering directory '/home/pi/code/team-papa/comms/libiio/CMakeFiles/CMakeTmp'
Building C object CMakeFiles/cmTC_0e5d5.dir/CheckSymbolExists.c.o
/usr/bin/cc    -o CMakeFiles/cmTC_0e5d5.dir/CheckSymbolExists.c.o   -c /home/pi/code/team-papa/comms/libiio/CMakeFiles/CMakeTmp/CheckSymbolExists.c
Linking C executable cmTC_0e5d5
/usr/bin/cmake -E cmake_link_script CMakeFiles/cmTC_0e5d5.dir/link.txt --verbose=1
/usr/bin/cc      CMakeFiles/cmTC_0e5d5.dir/CheckSymbolExists.c.o  -o cmTC_0e5d5 
make[1]: Leaving directory '/home/pi/code/team-papa/comms/libiio/CMakeFiles/CMakeTmp'


File /home/pi/code/team-papa/comms/libiio/CMakeFiles/CMakeTmp/CheckSymbolExists.c:
/* */
#include <string.h>

int main(int argc, char** argv)
{
  (void)argv;
#ifndef strerror_r
  return ((int*)(&strerror_r))[argc];
#else
  (void)argc;
  return 0;
#endif
}
Determining if the strtok_r exist passed with the following output:
Change Dir: /home/pi/code/team-papa/comms/libiio/CMakeFiles/CMakeTmp

Run Build Command(s):/usr/bin/make cmTC_c8677/fast && /usr/bin/make -f CMakeFiles/cmTC_c8677.dir/build.make CMakeFiles/cmTC_c8677.dir/build
make[1]: Entering directory '/home/pi/code/team-papa/comms/libiio/CMakeFiles/CMakeTmp'
Building C object CMakeFiles/cmTC_c8677.dir/CheckSymbolExists.c.o
/usr/bin/cc    -o CMakeFiles/cmTC_c8677.dir/CheckSymbolExists.c.o   -c /home/pi/code/team-papa/comms/libiio/CMakeFiles/CMakeTmp/CheckSymbolExists.c
Linking C executable cmTC_c8677
/usr/bin/cmake -E cmake_link_script CMakeFiles/cmTC_c8677.dir/link.txt --verbose=1
/usr/bin/cc      CMakeFiles/cmTC_c8677.dir/CheckSymbolExists.c.o  -o cmTC_c8677 
make[1]: Leaving directory '/home/pi/code/team-papa/comms/libiio/CMakeFiles/CMakeTmp'


File /home/pi/code/team-papa/comms/libiio/CMakeFiles/CMakeTmp/CheckSymbolExists.c:
/* */
#include <string.h>

int main(int argc, char** argv)
{
  (void)argv;
#ifndef strtok_r
  return ((int*)(&strtok_r))[argc];
#else
  (void)argc;
  return 0;
#endif
}
Determining if the newlocale exist passed with the following output:
Change Dir: /home/pi/code/team-papa/comms/libiio/CMakeFiles/CMakeTmp

Run Build Command(s):/usr/bin/make cmTC_c95bc/fast && /usr/bin/make -f CMakeFiles/cmTC_c95bc.dir/build.make CMakeFiles/cmTC_c95bc.dir/build
make[1]: Entering directory '/home/pi/code/team-papa/comms/libiio/CMakeFiles/CMakeTmp'
Building C object CMakeFiles/cmTC_c95bc.dir/CheckSymbolExists.c.o
/usr/bin/cc    -o CMakeFiles/cmTC_c95bc.dir/CheckSymbolExists.c.o   -c /home/pi/code/team-papa/comms/libiio/CMakeFiles/CMakeTmp/CheckSymbolExists.c
Linking C executable cmTC_c95bc
/usr/bin/cmake -E cmake_link_script CMakeFiles/cmTC_c95bc.dir/link.txt --verbose=1
/usr/bin/cc      CMakeFiles/cmTC_c95bc.dir/CheckSymbolExists.c.o  -o cmTC_c95bc 
make[1]: Leaving directory '/home/pi/code/team-papa/comms/libiio/CMakeFiles/CMakeTmp'


File /home/pi/code/team-papa/comms/libiio/CMakeFiles/CMakeTmp/CheckSymbolExists.c:
/* */
#include <locale.h>

int main(int argc, char** argv)
{
  (void)argv;
#ifndef newlocale
  return ((int*)(&newlocale))[argc];
#else
  (void)argc;
  return 0;
#endif
}
Determining if the in6addr_any exist passed with the following output:
Change Dir: /home/pi/code/team-papa/comms/libiio/CMakeFiles/CMakeTmp

Run Build Command(s):/usr/bin/make cmTC_8b196/fast && /usr/bin/make -f CMakeFiles/cmTC_8b196.dir/build.make CMakeFiles/cmTC_8b196.dir/build
make[1]: Entering directory '/home/pi/code/team-papa/comms/libiio/CMakeFiles/CMakeTmp'
Building C object CMakeFiles/cmTC_8b196.dir/CheckSymbolExists.c.o
/usr/bin/cc    -o CMakeFiles/cmTC_8b196.dir/CheckSymbolExists.c.o   -c /home/pi/code/team-papa/comms/libiio/CMakeFiles/CMakeTmp/CheckSymbolExists.c
Linking C executable cmTC_8b196
/usr/bin/cmake -E cmake_link_script CMakeFiles/cmTC_8b196.dir/link.txt --verbose=1
/usr/bin/cc      CMakeFiles/cmTC_8b196.dir/CheckSymbolExists.c.o  -o cmTC_8b196 
make[1]: Leaving directory '/home/pi/code/team-papa/comms/libiio/CMakeFiles/CMakeTmp'


File /home/pi/code/team-papa/comms/libiio/CMakeFiles/CMakeTmp/CheckSymbolExists.c:
/* */
#include <netinet/in.h>

int main(int argc, char** argv)
{
  (void)argv;
#ifndef in6addr_any
  return ((int*)(&in6addr_any))[argc];
#else
  (void)argc;
  return 0;
#endif
}
Determining if the libusb_get_version exist passed with the following output:
Change Dir: /home/pi/code/team-papa/comms/libiio/CMakeFiles/CMakeTmp

Run Build Command(s):/usr/bin/make cmTC_88dc5/fast && /usr/bin/make -f CMakeFiles/cmTC_88dc5.dir/build.make CMakeFiles/cmTC_88dc5.dir/build
make[1]: Entering directory '/home/pi/code/team-papa/comms/libiio/CMakeFiles/CMakeTmp'
Building C object CMakeFiles/cmTC_88dc5.dir/CheckSymbolExists.c.o
/usr/bin/cc  -I/usr/include/libusb-1.0   -o CMakeFiles/cmTC_88dc5.dir/CheckSymbolExists.c.o   -c /home/pi/code/team-papa/comms/libiio/CMakeFiles/CMakeTmp/CheckSymbolExists.c
Linking C executable cmTC_88dc5
/usr/bin/cmake -E cmake_link_script CMakeFiles/cmTC_88dc5.dir/link.txt --verbose=1
/usr/bin/cc      CMakeFiles/cmTC_88dc5.dir/CheckSymbolExists.c.o  -o cmTC_88dc5  /usr/lib/arm-linux-gnueabihf/libusb-1.0.so 
make[1]: Leaving directory '/home/pi/code/team-papa/comms/libiio/CMakeFiles/CMakeTmp'


File /home/pi/code/team-papa/comms/libiio/CMakeFiles/CMakeTmp/CheckSymbolExists.c:
/* */
#include <libusb.h>

int main(int argc, char** argv)
{
  (void)argv;
#ifndef libusb_get_version
  return ((int*)(&libusb_get_version))[argc];
#else
  (void)argc;
  return 0;
#endif
}
Performing C SOURCE FILE Test WITH_NETWORK_EVENTFD succeeded with the following output:
Change Dir: /home/pi/code/team-papa/comms/libiio/CMakeFiles/CMakeTmp

Run Build Command(s):/usr/bin/make cmTC_45485/fast && /usr/bin/make -f CMakeFiles/cmTC_45485.dir/build.make CMakeFiles/cmTC_45485.dir/build
make[1]: Entering directory '/home/pi/code/team-papa/comms/libiio/CMakeFiles/CMakeTmp'
Building C object CMakeFiles/cmTC_45485.dir/src.c.o
/usr/bin/cc   -DWITH_NETWORK_EVENTFD   -o CMakeFiles/cmTC_45485.dir/src.c.o   -c /home/pi/code/team-papa/comms/libiio/CMakeFiles/CMakeTmp/src.c
Linking C executable cmTC_45485
/usr/bin/cmake -E cmake_link_script CMakeFiles/cmTC_45485.dir/link.txt --verbose=1
/usr/bin/cc  -DWITH_NETWORK_EVENTFD    CMakeFiles/cmTC_45485.dir/src.c.o  -o cmTC_45485 
make[1]: Leaving directory '/home/pi/code/team-papa/comms/libiio/CMakeFiles/CMakeTmp'


Source file was:
#include <sys/eventfd.h>
int main(void) { return eventfd(0, EFD_CLOEXEC | EFD_NONBLOCK); }
Determining if the pthread_setname_np exist passed with the following output:
Change Dir: /home/pi/code/team-papa/comms/libiio/CMakeFiles/CMakeTmp

Run Build Command(s):/usr/bin/make cmTC_cd7e3/fast && /usr/bin/make -f CMakeFiles/cmTC_cd7e3.dir/build.make CMakeFiles/cmTC_cd7e3.dir/build
make[1]: Entering directory '/home/pi/code/team-papa/comms/libiio/CMakeFiles/CMakeTmp'
Building C object CMakeFiles/cmTC_cd7e3.dir/CheckSymbolExists.c.o
/usr/bin/cc -D_GNU_SOURCE   -o CMakeFiles/cmTC_cd7e3.dir/CheckSymbolExists.c.o   -c /home/pi/code/team-papa/comms/libiio/CMakeFiles/CMakeTmp/CheckSymbolExists.c
Linking C executable cmTC_cd7e3
/usr/bin/cmake -E cmake_link_script CMakeFiles/cmTC_cd7e3.dir/link.txt --verbose=1
/usr/bin/cc      CMakeFiles/cmTC_cd7e3.dir/CheckSymbolExists.c.o  -o cmTC_cd7e3  /usr/lib/arm-linux-gnueabihf/libpthread.so 
make[1]: Leaving directory '/home/pi/code/team-papa/comms/libiio/CMakeFiles/CMakeTmp'


File /home/pi/code/team-papa/comms/libiio/CMakeFiles/CMakeTmp/CheckSymbolExists.c:
/* */
#include <pthread.h>

int main(int argc, char** argv)
{
  (void)argv;
#ifndef pthread_setname_np
  return ((int*)(&pthread_setname_np))[argc];
#else
  (void)argc;
  return 0;
#endif
}
Determining if the include file sys/types.h exists passed with the following output:
Change Dir: /home/pi/code/team-papa/comms/libiio/CMakeFiles/CMakeTmp

Run Build Command(s):/usr/bin/make cmTC_4f1ed/fast && /usr/bin/make -f CMakeFiles/cmTC_4f1ed.dir/build.make CMakeFiles/cmTC_4f1ed.dir/build
make[1]: Entering directory '/home/pi/code/team-papa/comms/libiio/CMakeFiles/CMakeTmp'
Building C object CMakeFiles/cmTC_4f1ed.dir/CheckIncludeFile.c.o
/usr/bin/cc    -o CMakeFiles/cmTC_4f1ed.dir/CheckIncludeFile.c.o   -c /home/pi/code/team-papa/comms/libiio/CMakeFiles/CMakeTmp/CheckIncludeFile.c
Linking C executable cmTC_4f1ed
/usr/bin/cmake -E cmake_link_script CMakeFiles/cmTC_4f1ed.dir/link.txt --verbose=1
/usr/bin/cc      CMakeFiles/cmTC_4f1ed.dir/CheckIncludeFile.c.o  -o cmTC_4f1ed 
make[1]: Leaving directory '/home/pi/code/team-papa/comms/libiio/CMakeFiles/CMakeTmp'



Determining if the include file stdint.h exists passed with the following output:
Change Dir: /home/pi/code/team-papa/comms/libiio/CMakeFiles/CMakeTmp

Run Build Command(s):/usr/bin/make cmTC_f45e0/fast && /usr/bin/make -f CMakeFiles/cmTC_f45e0.dir/build.make CMakeFiles/cmTC_f45e0.dir/build
make[1]: Entering directory '/home/pi/code/team-papa/comms/libiio/CMakeFiles/CMakeTmp'
Building C object CMakeFiles/cmTC_f45e0.dir/CheckIncludeFile.c.o
/usr/bin/cc    -o CMakeFiles/cmTC_f45e0.dir/CheckIncludeFile.c.o   -c /home/pi/code/team-papa/comms/libiio/CMakeFiles/CMakeTmp/CheckIncludeFile.c
Linking C executable cmTC_f45e0
/usr/bin/cmake -E cmake_link_script CMakeFiles/cmTC_f45e0.dir/link.txt --verbose=1
/usr/bin/cc      CMakeFiles/cmTC_f45e0.dir/CheckIncludeFile.c.o  -o cmTC_f45e0 
make[1]: Leaving directory '/home/pi/code/team-papa/comms/libiio/CMakeFiles/CMakeTmp'



Determining if the include file stddef.h exists passed with the following output:
Change Dir: /home/pi/code/team-papa/comms/libiio/CMakeFiles/CMakeTmp

Run Build Command(s):/usr/bin/make cmTC_547f2/fast && /usr/bin/make -f CMakeFiles/cmTC_547f2.dir/build.make CMakeFiles/cmTC_547f2.dir/build
make[1]: Entering directory '/home/pi/code/team-papa/comms/libiio/CMakeFiles/CMakeTmp'
Building C object CMakeFiles/cmTC_547f2.dir/CheckIncludeFile.c.o
/usr/bin/cc    -o CMakeFiles/cmTC_547f2.dir/CheckIncludeFile.c.o   -c /home/pi/code/team-papa/comms/libiio/CMakeFiles/CMakeTmp/CheckIncludeFile.c
Linking C executable cmTC_547f2
/usr/bin/cmake -E cmake_link_script CMakeFiles/cmTC_547f2.dir/link.txt --verbose=1
/usr/bin/cc      CMakeFiles/cmTC_547f2.dir/CheckIncludeFile.c.o  -o cmTC_547f2 
make[1]: Leaving directory '/home/pi/code/team-papa/comms/libiio/CMakeFiles/CMakeTmp'



Determining size of struct usb_functionfs_descs_head_v2 passed with the following output:
Change Dir: /home/pi/code/team-papa/comms/libiio/CMakeFiles/CMakeTmp

Run Build Command(s):/usr/bin/make cmTC_9c698/fast && /usr/bin/make -f CMakeFiles/cmTC_9c698.dir/build.make CMakeFiles/cmTC_9c698.dir/build
make[1]: Entering directory '/home/pi/code/team-papa/comms/libiio/CMakeFiles/CMakeTmp'
Building C object CMakeFiles/cmTC_9c698.dir/FUNCTIONFS_V2.c.o
/usr/bin/cc    -o CMakeFiles/cmTC_9c698.dir/FUNCTIONFS_V2.c.o   -c /home/pi/code/team-papa/comms/libiio/CMakeFiles/CheckTypeSize/FUNCTIONFS_V2.c
Linking C executable cmTC_9c698
/usr/bin/cmake -E cmake_link_script CMakeFiles/cmTC_9c698.dir/link.txt --verbose=1
/usr/bin/cc      CMakeFiles/cmTC_9c698.dir/FUNCTIONFS_V2.c.o  -o cmTC_9c698 
make[1]: Leaving directory '/home/pi/code/team-papa/comms/libiio/CMakeFiles/CMakeTmp'



